生成启动时间为 2016/5/5 星期四 17:28:47。
     1>项目“C:\Users\Administrator\Desktop\CatchTheBall\proj.win32\CatchTheBall.vcxproj”在节点 2 上(Build 个目标)。
     1>ClCompile:
         C:\Program Files (x86)\Microsoft Visual Studio 12.0\VC\bin\CL.exe /c /I"C:\Cocos\frameworks\cocos2d-x-3.8.1\cocos\audio\include" /I"C:\Cocos\frameworks\cocos2d-x-3.8.1\external" /I"C:\Cocos\frameworks\cocos2d-x-3.8.1\external\chipmunk\include\chipmunk" /I"C:\Cocos\frameworks\cocos2d-x-3.8.1\extensions" /I..\Classes /I.. /I"C:\Cocos\frameworks\cocos2d-x-3.8.1\cocos\2d\..\..\cocos\editor-support" /I"C:\Cocos\frameworks\cocos2d-x-3.8.1\cocos\2d\..\..\cocos" /I"C:\Cocos\frameworks\cocos2d-x-3.8.1\cocos\2d\..\..\cocos\platform" /I"C:\Cocos\frameworks\cocos2d-x-3.8.1\cocos\2d\..\..\cocos\platform\desktop" /I"C:\Cocos\frameworks\cocos2d-x-3.8.1\cocos\2d\..\..\external\glfw3\include\win32" /I"C:\Cocos\frameworks\cocos2d-x-3.8.1\cocos\2d\..\..\external\win32-specific\gles\include\OGLES" /I"C:\Cocos\frameworks\cocos2d-x-3.8.1\cocos\2d\..\..\external\freetype2\include\win32\freetype2" /I"C:\Cocos\frameworks\cocos2d-x-3.8.1\cocos\2d\..\..\external\freetype2\include\win32\\" /I"C:\Cocos\frameworks\cocos2d-x-3.8.1\cocos\2d\..\..\external" /ZI /nologo /W3 /WX- /MP /Od /Oy- /D WIN32 /D _WINDOWS /D _USE_MATH_DEFINES /D GL_GLEXT_PROTOTYPES /D CC_ENABLE_CHIPMUNK_INTEGRATION=1 /D COCOS2D_DEBUG=1 /D _CRT_SECURE_NO_WARNINGS /D _SCL_SECURE_NO_WARNINGS /D _VARIADIC_MAX=10 /D _USING_V110_SDK71_ /D _UNICODE /D UNICODE /Gm- /EHsc /RTC1 /MD /GS /fp:precise /Zc:wchar_t /Zc:forScope /Fo"Debug.win32\\" /Fd"Debug.win32\vc120.pdb" /Gd /TP /wd4267 /wd4251 /wd4244 /analyze- /errorReport:prompt ..\Classes\SuScene.cpp
         SuScene.cpp
     1>c:\users\administrator\desktop\catchtheball\classes\suscene.cpp(407): warning C4305: “参数”: 从“double”到“float”截断
       PreLinkEvent:
         if not exist "C:\Users\Administrator\Desktop\CatchTheBall\proj.win32\Debug.win32\" mkdir "C:\Users\Administrator\Desktop\CatchTheBall\proj.win32\Debug.win32\"
         xcopy /Y /Q "C:\Cocos\frameworks\cocos2d-x-3.8.1\prebuilt\win32\*.*" "C:\Users\Administrator\Desktop\CatchTheBall\proj.win32\Debug.win32\"
         
         :VCEnd
         复制了 60 个文件
       Link:
         C:\Program Files (x86)\Microsoft Visual Studio 12.0\VC\bin\link.exe /ERRORREPORT:PROMPT /OUT:"C:\Users\Administrator\Desktop\CatchTheBall\proj.win32\Debug.win32\CatchTheBall.exe" /INCREMENTAL /NOLOGO /LIBPATH:C:\Users\Administrator\Desktop\CatchTheBall\proj.win32\Debug.win32\ /LIBPATH:C:\Users\Administrator\Desktop\CatchTheBall\proj.win32\Debug.win32\ opengl32.lib glew32.lib libzlib.lib libwebp.lib libiconv.lib freetype.lib winmm.lib ws2_32.lib kernel32.lib user32.lib gdi32.lib winspool.lib comdlg32.lib advapi32.lib shell32.lib ole32.lib oleaut32.lib uuid.lib odbc32.lib odbccp32.lib /MANIFEST /MANIFESTUAC:"level='asInvoker' uiAccess='false'" /manifest:embed /DEBUG /PDB:"C:\Users\Administrator\Desktop\CatchTheBall\proj.win32\Debug.win32\CatchTheBall.pdb" /SUBSYSTEM:WINDOWS,"5.01" /TLBID:1 /DYNAMICBASE /NXCOMPAT /IMPLIB:"C:\Users\Administrator\Desktop\CatchTheBall\proj.win32\Debug.win32\CatchTheBall.lib" /MACHINE:X86 /SAFESEH Debug.win32\AppDelegate.obj
         Debug.win32\ContactListener.obj
         Debug.win32\GameScene.obj
         Debug.win32\MenuScene.obj
         Debug.win32\SuScene.obj
         Debug.win32\ThrowScene.obj
         Debug.win32\main.obj
         CatchTheBall.vcxproj -> C:\Users\Administrator\Desktop\CatchTheBall\proj.win32\Debug.win32\CatchTheBall.exe
       CustomBuildStep:
         if not exist "C:\Users\Administrator\Desktop\CatchTheBall\proj.win32\Debug.win32\" mkdir "C:\Users\Administrator\Desktop\CatchTheBall\proj.win32\Debug.win32\"
         xcopy "C:\Users\Administrator\Desktop\CatchTheBall\proj.win32\..\Resources" "C:\Users\Administrator\Desktop\CatchTheBall\proj.win32\Debug.win32\" /D /E /I /F /Y
               
         :VCEnd
         复制了 0 个文件
     1>已完成生成项目“C:\Users\Administrator\Desktop\CatchTheBall\proj.win32\CatchTheBall.vcxproj”(Build 个目标)的操作。

生成成功。

已用时间 00:00:04.00
